<?xml version="1.0" encoding="UTF-8"?>
<!-- Generated by org.testng.reporters.JUnitReportReporter -->
<testsuite hostname="HCL-PC" name="tests.TestAPLoginPage" tests="4" failures="0" timestamp="30 Nov 2016 04:36:42 GMT" time="24.891" errors="0">
  <testcase name="testLoginPage" time="14.010" classname="tests.TestAPLoginPage"/>
  <testcase name="testLoginPage" time="6.027" classname="tests.TestAPLoginPage"/>
  <testcase name="testLoginPage" time="2.739" classname="tests.TestAPLoginPage"/>
  <testcase name="testLoginPage" time="2.115" classname="tests.TestAPLoginPage"/>
</testsuite> <!-- tests.TestAPLoginPage -->
