<?xml version="1.0" encoding="UTF-8"?>
<!-- Generated by org.testng.reporters.JUnitReportReporter -->
<testsuite hostname="HCL-PC" name="tests.TestForgotPasswordPage" tests="4" failures="0" timestamp="30 Nov 2016 04:10:07 GMT" time="14.391" errors="0">
  <testcase name="testLoginPage" time="5.561" classname="tests.TestForgotPasswordPage"/>
  <testcase name="testLoginPage" time="2.134" classname="tests.TestForgotPasswordPage"/>
  <testcase name="testLoginPage" time="1.996" classname="tests.TestForgotPasswordPage"/>
  <testcase name="testLoginPage" time="4.700" classname="tests.TestForgotPasswordPage"/>
</testsuite> <!-- tests.TestForgotPasswordPage -->
