<?xml version="1.0" encoding="UTF-8"?>
<!-- Generated by org.testng.reporters.JUnitReportReporter -->
<testsuite hostname="HCL-PC" name="tests.TestAmazonHomePage" tests="1" failures="0" timestamp="29 Nov 2016 02:31:38 GMT" time="3.710" errors="0">
  <testcase name="testHomePage" time="3.710" classname="tests.TestAmazonHomePage"/>
</testsuite> <!-- tests.TestAmazonHomePage -->
