<?xml version="1.0" encoding="UTF-8"?>
<!-- Generated by org.testng.reporters.JUnitReportReporter -->
<testsuite hostname="HCL-PC" name="tests.TestAmazonHomePage" tests="1" failures="0" timestamp="27 Nov 2016 20:31:33 GMT" time="0.903" errors="0">
  <testcase name="testHomePage" time="0.903" classname="tests.TestAmazonHomePage"/>
</testsuite> <!-- tests.TestAmazonHomePage -->
