<?xml version="1.0" encoding="UTF-8"?>
<!-- Generated by org.testng.reporters.JUnitReportReporter -->
<testsuite hostname="HCL-PC" name="tests.TestAPLoginPage" tests="8" failures="0" timestamp="1 Dec 2016 02:59:55 GMT" time="47.247" errors="0">
  <testcase name="testSignUpEmail" time="4.722" classname="tests.TestAPLoginPage"/>
  <testcase name="testLoginPage" time="2.683" classname="tests.TestAPLoginPage"/>
  <testcase name="testLoginPage" time="11.232" classname="tests.TestAPLoginPage"/>
  <testcase name="testLoginPage" time="2.377" classname="tests.TestAPLoginPage"/>
  <testcase name="testSignUpEmail" time="6.872" classname="tests.TestAPLoginPage"/>
  <testcase name="testLoginPage" time="6.408" classname="tests.TestAPLoginPage"/>
  <testcase name="testSignUpEmail" time="6.638" classname="tests.TestAPLoginPage"/>
  <testcase name="testSignUpEmail" time="6.315" classname="tests.TestAPLoginPage"/>
</testsuite> <!-- tests.TestAPLoginPage -->
