<?xml version="1.0" encoding="UTF-8"?>
<!-- Generated by org.testng.reporters.JUnitReportReporter -->
<testsuite hostname="HCL-PC" name="tests.TestForgotPasswordPage" tests="4" failures="0" timestamp="1 Dec 2016 02:59:55 GMT" time="15.562" errors="0">
  <testcase name="testLoginPage" time="6.351" classname="tests.TestForgotPasswordPage"/>
  <testcase name="testLoginPage" time="3.137" classname="tests.TestForgotPasswordPage"/>
  <testcase name="testLoginPage" time="2.246" classname="tests.TestForgotPasswordPage"/>
  <testcase name="testLoginPage" time="3.828" classname="tests.TestForgotPasswordPage"/>
</testsuite> <!-- tests.TestForgotPasswordPage -->
