<?xml version="1.0" encoding="UTF-8"?>
<!-- Generated by org.testng.reporters.JUnitReportReporter -->
<testsuite hostname="HCL-PC" name="tests.TestAPHomePage" tests="1" failures="0" timestamp="1 Dec 2016 02:59:55 GMT" time="2.656" errors="0">
  <testcase name="testHomePage" time="2.656" classname="tests.TestAPHomePage"/>
</testsuite> <!-- tests.TestAPHomePage -->
