<?xml version="1.0" encoding="UTF-8"?>
<!-- Generated by org.testng.reporters.JUnitReportReporter -->
<testsuite hostname="HCL-PC" name="tests.TestSignUpPage" tests="1" failures="0" timestamp="1 Dec 2016 03:49:27 GMT" time="21.365" errors="0">
  <testcase name="testSignUpPage" time="21.365" classname="tests.TestSignUpPage"/>
</testsuite> <!-- tests.TestSignUpPage -->
